<?xml version="1.0" encoding="UTF-8"?>
<testsuite xmlns:xsi="http://www.w3.org/2001/XMLSchema-instance" xsi:noNamespaceSchemaLocation="https://maven.apache.org/surefire/maven-surefire-plugin/xsd/surefire-test-report-3.0.xsd" version="3.0" name="com.itsu.itsudefdata.dao.impl.test.UsuarioDAOImplTest" time="0.225" tests="6" errors="5" skipped="0" failures="0">
  <properties>
[...]
</properties>
  <testcase name="testConsultarExitoso" classname="com.itsu.itsudefdata.dao.impl.test.UsuarioDAOImplTest" time="0.059">
    <error message="Cannot invoke &quot;java.sql.Statement.executeQuery(String)&quot; because &quot;com.itsu.itsudefdata.connection.ConnectionFactory.statement&quot; is null" type="java.lang.NullPointerException"><![CDATA[java.lang.NullPointerException: Cannot invoke "java.sql.Statement.executeQuery(String)" because "com.itsu.itsudefdata.connection.ConnectionFactory.statement" is null
	at com.itsu.itsudefdata.connection.ConnectionFactory.ejecutarSQLSelect(ConnectionFactory.java:74)
	at com.itsu.itsudefdata.dao.impl.UsuarioDAOImpl.consultar(UsuarioDAOImpl.java:97)
	at com.itsu.itsudefdata.dao.impl.test.UsuarioDAOImplTest.testConsultarExitoso(UsuarioDAOImplTest.java:181)
	at java.base/java.lang.reflect.Method.invoke(Method.java:580)
	at java.base/java.util.ArrayList.forEach(ArrayList.java:1597)
	at java.base/java.util.ArrayList.forEach(ArrayList.java:1597)
]]></error>
    <system-out><![CDATA[Query:SELECT * FROM Usuario order by apellidoUsuario;
]]></system-out>
    <system-err><![CDATA[java.lang.ClassNotFoundException: com.mysql.cj.jdbc.Driver
	at java.base/jdk.internal.loader.BuiltinClassLoader.loadClass(BuiltinClassLoader.java:641)
	at java.base/jdk.internal.loader.ClassLoaders$AppClassLoader.loadClass(ClassLoaders.java:188)
	at java.base/java.lang.ClassLoader.loadClass(ClassLoader.java:525)
	at java.base/java.lang.Class.forName0(Native Method)
	at java.base/java.lang.Class.forName(Class.java:413)
	at java.base/java.lang.Class.forName(Class.java:404)
	at com.itsu.itsudefdata.connection.ConnectionFactory.conectar(ConnectionFactory.java:40)
	at com.itsu.itsudefdata.dao.impl.UsuarioDAOImpl.<clinit>(UsuarioDAOImpl.java:24)
	at com.itsu.itsudefdata.dao.impl.test.UsuarioDAOImplTest.testConsultarExitoso(UsuarioDAOImplTest.java:178)
	at java.base/jdk.internal.reflect.DirectMethodHandleAccessor.invoke(DirectMethodHandleAccessor.java:103)
	at java.base/java.lang.reflect.Method.invoke(Method.java:580)
	at org.junit.platform.commons.util.ReflectionUtils.invokeMethod(ReflectionUtils.java:766)
	at org.junit.jupiter.engine.execution.MethodInvocation.proceed(MethodInvocation.java:60)
	at org.junit.jupiter.engine.execution.InvocationInterceptorChain$ValidatingInvocation.proceed(InvocationInterceptorChain.java:131)
	at org.junit.jupiter.engine.extension.TimeoutExtension.intercept(TimeoutExtension.java:156)
	at org.junit.jupiter.engine.extension.TimeoutExtension.interceptTestableMethod(TimeoutExtension.java:147)
	at org.junit.jupiter.engine.extension.TimeoutExtension.interceptTestMethod(TimeoutExtension.java:86)
	at org.junit.jupiter.engine.execution.InterceptingExecutableInvoker$ReflectiveInterceptorCall.lambda$ofVoidMethod$0(InterceptingExecutableInvoker.java:103)
	at org.junit.jupiter.engine.execution.InterceptingExecutableInvoker.lambda$invoke$0(InterceptingExecutableInvoker.java:93)
	at org.junit.jupiter.engine.execution.InvocationInterceptorChain$InterceptedInvocation.proceed(InvocationInterceptorChain.java:106)
	at org.junit.jupiter.engine.execution.InvocationInterceptorChain.proceed(InvocationInterceptorChain.java:64)
	at org.junit.jupiter.engine.execution.InvocationInterceptorChain.chainAndInvoke(InvocationInterceptorChain.java:45)
	at org.junit.jupiter.engine.execution.InvocationInterceptorChain.invoke(InvocationInterceptorChain.java:37)
	at org.junit.jupiter.engine.execution.InterceptingExecutableInvoker.invoke(InterceptingExecutableInvoker.java:92)
	at org.junit.jupiter.engine.execution.InterceptingExecutableInvoker.invoke(InterceptingExecutableInvoker.java:86)
	at org.junit.jupiter.engine.descriptor.TestMethodTestDescriptor.lambda$invokeTestMethod$8(TestMethodTestDescriptor.java:217)
	at org.junit.platform.engine.support.hierarchical.ThrowableCollector.execute(ThrowableCollector.java:73)
	at org.junit.jupiter.engine.descriptor.TestMethodTestDescriptor.invokeTestMethod(TestMethodTestDescriptor.java:213)
	at org.junit.jupiter.engine.descriptor.TestMethodTestDescriptor.execute(TestMethodTestDescriptor.java:138)
	at org.junit.jupiter.engine.descriptor.TestMethodTestDescriptor.execute(TestMethodTestDescriptor.java:68)
	at org.junit.platform.engine.support.hierarchical.NodeTestTask.lambda$executeRecursively$6(NodeTestTask.java:151)
	at org.junit.platform.engine.support.hierarchical.ThrowableCollector.execute(ThrowableCollector.java:73)
	at org.junit.platform.engine.support.hierarchical.NodeTestTask.lambda$executeRecursively$8(NodeTestTask.java:141)
	at org.junit.platform.engine.support.hierarchical.Node.around(Node.java:137)
	at org.junit.platform.engine.support.hierarchical.NodeTestTask.lambda$executeRecursively$9(NodeTestTask.java:139)
	at org.junit.platform.engine.support.hierarchical.ThrowableCollector.execute(ThrowableCollector.java:73)
	at org.junit.platform.engine.support.hierarchical.NodeTestTask.executeRecursively(NodeTestTask.java:138)
	at org.junit.platform.engine.support.hierarchical.NodeTestTask.execute(NodeTestTask.java:95)
	at java.base/java.util.ArrayList.forEach(ArrayList.java:1597)
	at org.junit.platform.engine.support.hierarchical.SameThreadHierarchicalTestExecutorService.invokeAll(SameThreadHierarchicalTestExecutorService.java:41)
	at org.junit.platform.engine.support.hierarchical.NodeTestTask.lambda$executeRecursively$6(NodeTestTask.java:155)
	at org.junit.platform.engine.support.hierarchical.ThrowableCollector.execute(ThrowableCollector.java:73)
	at org.junit.platform.engine.support.hierarchical.NodeTestTask.lambda$executeRecursively$8(NodeTestTask.java:141)
	at org.junit.platform.engine.support.hierarchical.Node.around(Node.java:137)
	at org.junit.platform.engine.support.hierarchical.NodeTestTask.lambda$executeRecursively$9(NodeTestTask.java:139)
	at org.junit.platform.engine.support.hierarchical.ThrowableCollector.execute(ThrowableCollector.java:73)
	at org.junit.platform.engine.support.hierarchical.NodeTestTask.executeRecursively(NodeTestTask.java:138)
	at org.junit.platform.engine.support.hierarchical.NodeTestTask.execute(NodeTestTask.java:95)
	at java.base/java.util.ArrayList.forEach(ArrayList.java:1597)
	at org.junit.platform.engine.support.hierarchical.SameThreadHierarchicalTestExecutorService.invokeAll(SameThreadHierarchicalTestExecutorService.java:41)
	at org.junit.platform.engine.support.hierarchical.NodeTestTask.lambda$executeRecursively$6(NodeTestTask.java:155)
	at org.junit.platform.engine.support.hierarchical.ThrowableCollector.execute(ThrowableCollector.java:73)
	at org.junit.platform.engine.support.hierarchical.NodeTestTask.lambda$executeRecursively$8(NodeTestTask.java:141)
	at org.junit.platform.engine.support.hierarchical.Node.around(Node.java:137)
	at org.junit.platform.engine.support.hierarchical.NodeTestTask.lambda$executeRecursively$9(NodeTestTask.java:139)
	at org.junit.platform.engine.support.hierarchical.ThrowableCollector.execute(ThrowableCollector.java:73)
	at org.junit.platform.engine.support.hierarchical.NodeTestTask.executeRecursively(NodeTestTask.java:138)
	at org.junit.platform.engine.support.hierarchical.NodeTestTask.execute(NodeTestTask.java:95)
	at org.junit.platform.engine.support.hierarchical.SameThreadHierarchicalTestExecutorService.submit(SameThreadHierarchicalTestExecutorService.java:35)
	at org.junit.platform.engine.support.hierarchical.HierarchicalTestExecutor.execute(HierarchicalTestExecutor.java:57)
	at org.junit.platform.engine.support.hierarchical.HierarchicalTestEngine.execute(HierarchicalTestEngine.java:54)
	at org.junit.platform.launcher.core.EngineExecutionOrchestrator.execute(EngineExecutionOrchestrator.java:198)
	at org.junit.platform.launcher.core.EngineExecutionOrchestrator.execute(EngineExecutionOrchestrator.java:169)
	at org.junit.platform.launcher.core.EngineExecutionOrchestrator.execute(EngineExecutionOrchestrator.java:93)
	at org.junit.platform.launcher.core.EngineExecutionOrchestrator.lambda$execute$0(EngineExecutionOrchestrator.java:58)
	at org.junit.platform.launcher.core.EngineExecutionOrchestrator.withInterceptedStreams(EngineExecutionOrchestrator.java:141)
	at org.junit.platform.launcher.core.EngineExecutionOrchestrator.execute(EngineExecutionOrchestrator.java:57)
	at org.junit.platform.launcher.core.DefaultLauncher.execute(DefaultLauncher.java:103)
	at org.junit.platform.launcher.core.DefaultLauncher.execute(DefaultLauncher.java:85)
	at org.junit.platform.launcher.core.DelegatingLauncher.execute(DelegatingLauncher.java:47)
	at org.apache.maven.surefire.junitplatform.LazyLauncher.execute(LazyLauncher.java:56)
	at org.apache.maven.surefire.junitplatform.JUnitPlatformProvider.execute(JUnitPlatformProvider.java:184)
	at org.apache.maven.surefire.junitplatform.JUnitPlatformProvider.invokeAllTests(JUnitPlatformProvider.java:148)
	at org.apache.maven.surefire.junitplatform.JUnitPlatformProvider.invoke(JUnitPlatformProvider.java:122)
	at org.apache.maven.surefire.booter.ForkedBooter.runSuitesInProcess(ForkedBooter.java:385)
	at org.apache.maven.surefire.booter.ForkedBooter.execute(ForkedBooter.java:162)
	at org.apache.maven.surefire.booter.ForkedBooter.run(ForkedBooter.java:507)
	at org.apache.maven.surefire.booter.ForkedBooter.main(ForkedBooter.java:495)
Error de bdd: com.mysql.cj.jdbc.Driver
]]></system-err>
  </testcase>
  <testcase name="testGuardarExitoso" classname="com.itsu.itsudefdata.dao.impl.test.UsuarioDAOImplTest" time="0.044">
    <error message="Cannot invoke &quot;java.sql.Statement.executeUpdate(String)&quot; because &quot;com.itsu.itsudefdata.connection.ConnectionFactory.statement&quot; is null" type="java.lang.NullPointerException"><![CDATA[java.lang.NullPointerException: Cannot invoke "java.sql.Statement.executeUpdate(String)" because "com.itsu.itsudefdata.connection.ConnectionFactory.statement" is null
	at com.itsu.itsudefdata.connection.ConnectionFactory.ejecutarSQL(ConnectionFactory.java:63)
	at com.itsu.itsudefdata.dao.impl.UsuarioDAOImpl.guardar(UsuarioDAOImpl.java:48)
	at com.itsu.itsudefdata.dao.impl.test.UsuarioDAOImplTest.testGuardarExitoso(UsuarioDAOImplTest.java:54)
	at java.base/java.lang.reflect.Method.invoke(Method.java:580)
	at java.base/java.util.ArrayList.forEach(ArrayList.java:1597)
	at java.base/java.util.ArrayList.forEach(ArrayList.java:1597)
]]></error>
    <system-out><![CDATA[Query:INSERT INTO bdd190924.usuario (nombreUsuario, apellidoUsuario, contraseñaUsuario, telefonoUsuario,emailUsuario, dniUsuario, direccionUsuario, paisUsuario, fechaNacimientoUsuario , Rol_idRol, Carrera_idCarrera) VALUES ('Andres','2370','123','3446','a@g','null','Churru 123','arg','01/01/',1,1);
]]></system-out>
  </testcase>
  <testcase name="testGuardarFallido" classname="com.itsu.itsudefdata.dao.impl.test.UsuarioDAOImplTest" time="0.004">
    <error message="Cannot invoke &quot;java.sql.Statement.executeUpdate(String)&quot; because &quot;com.itsu.itsudefdata.connection.ConnectionFactory.statement&quot; is null" type="java.lang.NullPointerException"><![CDATA[java.lang.NullPointerException: Cannot invoke "java.sql.Statement.executeUpdate(String)" because "com.itsu.itsudefdata.connection.ConnectionFactory.statement" is null
	at com.itsu.itsudefdata.connection.ConnectionFactory.ejecutarSQL(ConnectionFactory.java:63)
	at com.itsu.itsudefdata.dao.impl.UsuarioDAOImpl.guardar(UsuarioDAOImpl.java:48)
	at com.itsu.itsudefdata.dao.impl.test.UsuarioDAOImplTest.testGuardarFallido(UsuarioDAOImplTest.java:91)
	at java.base/java.lang.reflect.Method.invoke(Method.java:580)
	at java.base/java.util.ArrayList.forEach(ArrayList.java:1597)
	at java.base/java.util.ArrayList.forEach(ArrayList.java:1597)
]]></error>
    <system-out><![CDATA[Query:INSERT INTO bdd190924.usuario (nombreUsuario, apellidoUsuario, contraseñaUsuario, telefonoUsuario,emailUsuario, dniUsuario, direccionUsuario, paisUsuario, fechaNacimientoUsuario , Rol_idRol, Carrera_idCarrera) VALUES ('Andres','2370','123','3446','a@g','null','Churru 123','arg','01/01/',1,1);
]]></system-out>
  </testcase>
  <testcase name="testActualizarExitoso" classname="com.itsu.itsudefdata.dao.impl.test.UsuarioDAOImplTest" time="0.031">
    <error message="Cannot invoke &quot;java.sql.Statement.executeUpdate(String)&quot; because &quot;com.itsu.itsudefdata.connection.ConnectionFactory.statement&quot; is null" type="java.lang.NullPointerException"><![CDATA[java.lang.NullPointerException: Cannot invoke "java.sql.Statement.executeUpdate(String)" because "com.itsu.itsudefdata.connection.ConnectionFactory.statement" is null
	at com.itsu.itsudefdata.connection.ConnectionFactory.ejecutarSQL(ConnectionFactory.java:63)
	at com.itsu.itsudefdata.dao.impl.UsuarioDAOImpl.actualizar(UsuarioDAOImpl.java:72)
	at com.itsu.itsudefdata.dao.impl.test.UsuarioDAOImplTest.testActualizarExitoso(UsuarioDAOImplTest.java:137)
	at java.base/java.lang.reflect.Method.invoke(Method.java:580)
	at java.base/java.util.ArrayList.forEach(ArrayList.java:1597)
	at java.base/java.util.ArrayList.forEach(ArrayList.java:1597)
]]></error>
    <system-out><![CDATA[Query:UPDATE usuario SET nombreUsuario = 'Ursula', apellidoUsuario = 'Huck', contraseñaUsuario = '123', telefonoUsuario = '3333', emailUsuario = 'u@h', dniUsuario = '1111', direccionUsuario = 'Libertad 123', paisUsuario = 'arg', fechaNacimientoUsuario = '01/01/30', Rol_idRol = 1, Carrera_idCarrera = 1 WHERE idUsuario = 4
]]></system-out>
  </testcase>
  <testcase name="test" classname="com.itsu.itsudefdata.dao.impl.test.UsuarioDAOImplTest" time="0.003">
    <system-out><![CDATA[primer test JUNIT
]]></system-out>
  </testcase>
  <testcase name="testEliminarExitoso" classname="com.itsu.itsudefdata.dao.impl.test.UsuarioDAOImplTest" time="0.014">
    <error message="Cannot invoke &quot;java.sql.Statement.executeUpdate(String)&quot; because &quot;com.itsu.itsudefdata.connection.ConnectionFactory.statement&quot; is null" type="java.lang.NullPointerException"><![CDATA[java.lang.NullPointerException: Cannot invoke "java.sql.Statement.executeUpdate(String)" because "com.itsu.itsudefdata.connection.ConnectionFactory.statement" is null
	at com.itsu.itsudefdata.connection.ConnectionFactory.ejecutarSQL(ConnectionFactory.java:63)
	at com.itsu.itsudefdata.dao.impl.UsuarioDAOImpl.eliminar(UsuarioDAOImpl.java:82)
	at com.itsu.itsudefdata.dao.impl.test.UsuarioDAOImplTest.testEliminarExitoso(UsuarioDAOImplTest.java:163)
	at java.base/java.lang.reflect.Method.invoke(Method.java:580)
	at java.base/java.util.ArrayList.forEach(ArrayList.java:1597)
	at java.base/java.util.ArrayList.forEach(ArrayList.java:1597)
]]></error>
    <system-out><![CDATA[Query:DELETE FROM usuario WHERE idUsuario  = 5;
]]></system-out>
  </testcase>
</testsuite>